<?xml version="1.0" encoding="UTF-8"?>
<!-- Generated by org.testng.reporters.JUnitXMLReporter -->
<testsuite ignored="4" hostname="LAPTOP-UB1OC60A" failures="0" tests="0" time="0.0" errors="0" timestamp="2020-04-14T00:33:40 EDT">
  <testcase classname="testNGTestCases.TestCase3" name="doUserReg" time="0.0">
    <ignored/>
  </testcase> <!-- doUserReg -->
  <testcase classname="testNGTestCases.TestCase3" name="thirdTest" time="0.0">
    <ignored/>
  </testcase> <!-- thirdTest -->
  <testcase classname="testNGTestCases.TestCase3" name="fourthTest" time="0.0">
    <ignored/>
  </testcase> <!-- fourthTest -->
  <testcase classname="testNGTestCases.TestCase3" name="doUserLogin" time="0.0">
    <ignored/>
  </testcase> <!-- doUserLogin -->
</testsuite>
