<?xml version="1.0" encoding="UTF-8"?>
<!-- Generated by org.testng.reporters.JUnitXMLReporter -->
<testsuite ignored="0" hostname="LAPTOP-UB1OC60A" failures="1" tests="4" name="Dependency Test" time="0.007" errors="0" timestamp="2020-04-13T23:58:11 EDT">
  <testcase classname="testNGTestCases.TestCase3" name="doUserReg" time="0.001">
    <failure type="java.lang.AssertionError" message="Unable to Register user successfully">
      <![CDATA[java.lang.AssertionError: Unable to Register user successfully
at testNGTestCases.TestCase3.doUserReg(TestCase3.java:13)
at java.base/java.util.ArrayList.forEach(ArrayList.java:1540)
... Removed 29 stack frames]]>
    </failure>
  </testcase> <!-- doUserReg -->
  <testcase classname="testNGTestCases.TestCase3" name="doUserLogin" time="0.0">
    <skipped/>
  </testcase> <!-- doUserLogin -->
  <testcase classname="testNGTestCases.TestCase3" name="fourthTest" time="0.0"/>
  <testcase classname="testNGTestCases.TestCase3" name="thirdTest" time="0.0"/>
</testsuite> <!-- Dependency Test -->
