<?xml version="1.0" encoding="UTF-8"?>
<testng-results ignored="0" total="1" passed="1" failed="0" skipped="0">
  <reporter-output>
  </reporter-output>
  <suite started-at="2020-04-17T07:31:18Z" name="Default suite" finished-at="2020-04-17T07:31:56Z" duration-ms="37690">
    <groups>
    </groups>
    <test started-at="2020-04-17T07:31:18Z" name="Default test" finished-at="2020-04-17T07:31:56Z" duration-ms="37690">
      <class name="testNGTestCases.GlobalPara">
        <test-method signature="doLogin()[pri:0, instance:testNGTestCases.GlobalPara@3b07a0d6]" started-at="2020-04-17T07:31:19Z" name="doLogin" finished-at="2020-04-17T07:31:56Z" duration-ms="37392" status="PASS">
          <reporter-output>
          </reporter-output>
        </test-method> <!-- doLogin -->
      </class> <!-- testNGTestCases.GlobalPara -->
    </test> <!-- Default test -->
  </suite> <!-- Default suite -->
</testng-results>
