<?xml version="1.0" encoding="UTF-8"?>
<!-- Generated by org.testng.reporters.JUnitXMLReporter -->
<testsuite ignored="0" hostname="LAPTOP-UB1OC60A" failures="1" tests="3" name="Sprint1" time="0.023" errors="0" timestamp="2020-04-13T23:59:14 EDT">
  <testcase classname="TESTNGclasses.TestCase1" name="tesFB" time="0.003"/>
  <testcase classname="TESTNGclasses.TestCase2" name="testTwitter" time="0.001"/>
  <testcase classname="TESTNGclasses.TestCase3" name="testWordpress" time="0.005">
    <failure type="java.lang.AssertionError" message="expected [true] but found [false]">
      <![CDATA[java.lang.AssertionError: expected [true] but found [false]
at TESTNGclasses.TestCase3.testWordpress(TestCase3.java:11)
at java.base/java.util.ArrayList.forEach(ArrayList.java:1540)
... Removed 32 stack frames]]>
    </failure>
  </testcase> <!-- testWordpress -->
</testsuite> <!-- Sprint1 -->
