<?xml version="1.0" encoding="UTF-8"?>
<!-- Generated by org.testng.reporters.JUnitXMLReporter -->
<testsuite ignored="0" hostname="LAPTOP-UB1OC60A" failures="1" tests="1" name="Sprint1(failed)" time="0.042" errors="0" timestamp="2020-04-13T01:31:33 EDT">
  <testcase classname="TESTNGclasses.TestCase3" name="testWordpress" time="0.006">
    <failure type="java.lang.AssertionError" message="expected [true] but found [false]">
      <![CDATA[java.lang.AssertionError: expected [true] but found [false]
at TESTNGclasses.TestCase3.testWordpress(TestCase3.java:11)
at java.base/java.util.ArrayList.forEach(ArrayList.java:1540)
at Runner.TestRunner.main(TestRunner.java:20)
... Removed 28 stack frames]]>
    </failure>
  </testcase> <!-- testWordpress -->
</testsuite> <!-- Sprint1(failed) -->
